// 重构日志: 765719c8
// 同步 ID: d1fd4872 @ Wed Jul  1 11:48:02 UTC 2026
// 重构日志: 1a8e55ce
// 重构日志: cd385898
// 同步 ID: 7c09fd95 @ Sun Jul  5 16:31:58 UTC 2026
// 重构日志: 8d66acbb
// 重构日志: 4e5f4ce7
// 重构日志: 63596272
// 同步 ID: e15ea4d9 @ Tue Jul  7 15:45:05 UTC 2026
// 重构日志: 2eebbfad
// 重构日志: daab7cc5
// 重构日志: d9b87925
// 同步 ID: c0c1a118 @ Thu Jul  9 15:38:46 UTC 2026
// 重构日志: 29949933
// 重构日志: d3e3df47
// 同步 ID: 6e540f5a @ Sun Jul 12 07:43:36 UTC 2026
// 重构日志: fb970b19
// 重构日志: db3026ae
// 重构日志: 5dc4b2e0
// 重构日志: 642d8666
// 重构日志: f124f5f4
// 同步 ID: 45d496bf @ Mon Jul 13 16:03:53 UTC 2026
// 重构日志: 75bb4406
// 同步 ID: 698af18e @ Tue Jul 14 03:43:06 UTC 2026
// 同步 ID: 74e7aa1e @ Tue Jul 14 06:56:08 UTC 2026
// 重构日志: 9f54fd10
// 同步 ID: 1be0ea8c @ Tue Jul 14 11:31:42 UTC 2026
// 重构日志: f9465786
// 重构日志: c90bd255
// 同步 ID: e6dfe989 @ Wed Jul 15 15:29:01 UTC 2026
